# JRE version: Java(TM) SE Runtime Environment (8.0_131-b11) (build 1.8.0_131-b11)
# Java VM: Java HotSpot(TM) 64-Bit Server VM (25.131-b11 mixed mode windows-amd64 compressed oops)
Heap:
 PSYoungGen      total 498688K, used 477939K [0x00000000e0000000, 0x0000000100000000, 0x0000000100000000)
  eden space 473088K, 95% used [0x00000000e0000000,0x00000000fbabece8,0x00000000fce00000)
  from space 25600K, 99% used [0x00000000fce00000,0x00000000fe6fdfb0,0x00000000fe700000)
  to   space 25600K, 0% used [0x00000000fe700000,0x00000000fe700000,0x0000000100000000)
 ParOldGen       total 162816K, used 70001K [0x00000000a0000000, 0x00000000a9f00000, 0x00000000e0000000)
  object space 162816K, 42% used [0x00000000a0000000,0x00000000a445c658,0x00000000a9f00000)
 Metaspace       used 84270K, capacity 90674K, committed 90904K, reserved 1128448K
  class space    used 10976K, capacity 12460K, committed 12568K, reserved 1048576K
GC Heap History (10 events):
Event: 761.934 GC heap before
{Heap before GC invocations=25 (full 4):
 PSYoungGen      total 463360K, used 460278K [0x00000000e0000000, 0x00000000fe300000, 0x0000000100000000)
  eden space 443904K, 99% used [0x00000000e0000000,0x00000000fb10a440,0x00000000fb180000)
  from space 19456K, 86% used [0x00000000fc680000,0x00000000fd6f3630,0x00000000fd980000)
  to   space 21504K, 0% used [0x00000000fb180000,0x00000000fb180000,0x00000000fc680000)
 ParOldGen       total 162816K, used 52505K [0x00000000a0000000, 0x00000000a9f00000, 0x00000000e0000000)
  object space 162816K, 32% used [0x00000000a0000000,0x00000000a3346738,0x00000000a9f00000)
 Metaspace       used 75088K, capacity 79304K, committed 79512K, reserved 1118208K
  class space    used 9769K, capacity 10633K, committed 10648K, reserved 1048576K
Event: 761.940 GC heap after
Heap after GC invocations=25 (full 4):
 PSYoungGen      total 465408K, used 3960K [0x00000000e0000000, 0x0000000100000000, 0x0000000100000000)
  eden space 443904K, 0% used [0x00000000e0000000,0x00000000e0000000,0x00000000fb180000)
  from space 21504K, 18% used [0x00000000fb180000,0x00000000fb55e058,0x00000000fc680000)
  to   space 20992K, 0% used [0x00000000feb80000,0x00000000feb80000,0x0000000100000000)
 ParOldGen       total 162816K, used 55138K [0x00000000a0000000, 0x00000000a9f00000, 0x00000000e0000000)
  object space 162816K, 33% used [0x00000000a0000000,0x00000000a35d8a98,0x00000000a9f00000)
 Metaspace       used 75088K, capacity 79304K, committed 79512K, reserved 1118208K
  class space    used 9769K, capacity 10633K, committed 10648K, reserved 1048576K
}
Event: 1193.647 GC heap before
{Heap before GC invocations=26 (full 4):
 PSYoungGen      total 465408K, used 447864K [0x00000000e0000000, 0x0000000100000000, 0x0000000100000000)
  eden space 443904K, 100% used [0x00000000e0000000,0x00000000fb180000,0x00000000fb180000)
  from space 21504K, 18% used [0x00000000fb180000,0x00000000fb55e058,0x00000000fc680000)
  to   space 20992K, 0% used [0x00000000feb80000,0x00000000feb80000,0x0000000100000000)
 ParOldGen       total 162816K, used 55138K [0x00000000a0000000, 0x00000000a9f00000, 0x00000000e0000000)
  object space 162816K, 33% used [0x00000000a0000000,0x00000000a35d8a98,0x00000000a9f00000)
 Metaspace       used 81396K, capacity 86752K, committed 86936K, reserved 1124352K
  class space    used 10673K, capacity 11834K, committed 11928K, reserved 1048576K
Event: 1193.823 GC heap after
Heap after GC invocations=26 (full 4):
 PSYoungGen      total 496128K, used 20880K [0x00000000e0000000, 0x0000000100000000, 0x0000000100000000)
  eden space 475136K, 0% used [0x00000000e0000000,0x00000000e0000000,0x00000000fd000000)
  from space 20992K, 99% used [0x00000000feb80000,0x00000000fffe4050,0x0000000100000000)
  to   space 24576K, 0% used [0x00000000fd000000,0x00000000fd000000,0x00000000fe800000)
 ParOldGen       total 162816K, used 55274K [0x00000000a0000000, 0x00000000a9f00000, 0x00000000e0000000)
  object space 162816K, 33% used [0x00000000a0000000,0x00000000a35faaa8,0x00000000a9f00000)
 Metaspace       used 81396K, capacity 86752K, committed 86936K, reserved 1124352K
  class space    used 10673K, capacity 11834K, committed 11928K, reserved 1048576K
}
Event: 1636.911 GC heap before
{Heap before GC invocations=27 (full 4):
 PSYoungGen      total 496128K, used 496016K [0x00000000e0000000, 0x0000000100000000, 0x0000000100000000)
  eden space 475136K, 100% used [0x00000000e0000000,0x00000000fd000000,0x00000000fd000000)
  from space 20992K, 99% used [0x00000000feb80000,0x00000000fffe4050,0x0000000100000000)
  to   space 24576K, 0% used [0x00000000fd000000,0x00000000fd000000,0x00000000fe800000)
 ParOldGen       total 162816K, used 55274K [0x00000000a0000000, 0x00000000a9f00000, 0x00000000e0000000)
  object space 162816K, 33% used [0x00000000a0000000,0x00000000a35faaa8,0x00000000a9f00000)
 Metaspace       used 83319K, capacity 89628K, committed 89752K, reserved 1126400K
  class space    used 10956K, capacity 12437K, committed 12440K, reserved 1048576K
Event: 1636.928 GC heap after
Heap after GC invocations=27 (full 4):
 PSYoungGen      total 499712K, used 12392K [0x00000000e0000000, 0x0000000100000000, 0x0000000100000000)
  eden space 475136K, 0% used [0x00000000e0000000,0x00000000e0000000,0x00000000fd000000)
  from space 24576K, 50% used [0x00000000fd000000,0x00000000fdc1a3c0,0x00000000fe800000)
  to   space 24064K, 0% used [0x00000000fe880000,0x00000000fe880000,0x0000000100000000)
 ParOldGen       total 162816K, used 68157K [0x00000000a0000000, 0x00000000a9f00000, 0x00000000e0000000)
  object space 162816K, 41% used [0x00000000a0000000,0x00000000a428f760,0x00000000a9f00000)
 Metaspace       used 83319K, capacity 89628K, committed 89752K, reserved 1126400K
  class space    used 10956K, capacity 12437K, committed 12440K, reserved 1048576K
}
Event: 1656.208 GC heap before
{Heap before GC invocations=28 (full 4):
 PSYoungGen      total 499712K, used 487528K [0x00000000e0000000, 0x0000000100000000, 0x0000000100000000)
  eden space 475136K, 100% used [0x00000000e0000000,0x00000000fd000000,0x00000000fd000000)
  from space 24576K, 50% used [0x00000000fd000000,0x00000000fdc1a3c0,0x00000000fe800000)
  to   space 24064K, 0% used [0x00000000fe880000,0x00000000fe880000,0x0000000100000000)
 ParOldGen       total 162816K, used 68157K [0x00000000a0000000, 0x00000000a9f00000, 0x00000000e0000000)
  object space 162816K, 41% used [0x00000000a0000000,0x00000000a428f760,0x00000000a9f00000)
 Metaspace       used 83728K, capacity 90074K, committed 90392K, reserved 1126400K
  class space    used 10972K, capacity 12460K, committed 12568K, reserved 1048576K
Event: 1656.222 GC heap after
Heap after GC invocations=28 (full 4):
 PSYoungGen      total 497152K, used 18767K [0x00000000e0000000, 0x0000000100000000, 0x0000000100000000)
  eden space 473088K, 0% used [0x00000000e0000000,0x00000000e0000000,0x00000000fce00000)
  from space 24064K, 77% used [0x00000000fe880000,0x00000000ffad3d40,0x0000000100000000)
  to   space 25600K, 0% used [0x00000000fce00000,0x00000000fce00000,0x00000000fe700000)
 ParOldGen       total 162816K, used 68165K [0x00000000a0000000, 0x00000000a9f00000, 0x00000000e0000000)
  object space 162816K, 41% used [0x00000000a0000000,0x00000000a4291760,0x00000000a9f00000)
 Metaspace       used 83728K, capacity 90074K, committed 90392K, reserved 1126400K
  class space    used 10972K, capacity 12460K, committed 12568K, reserved 1048576K
}
Event: 1659.819 GC heap before
{Heap before GC invocations=29 (full 4):
 PSYoungGen      total 497152K, used 491855K [0x00000000e0000000, 0x0000000100000000, 0x0000000100000000)
  eden space 473088K, 100% used [0x00000000e0000000,0x00000000fce00000,0x00000000fce00000)
  from space 24064K, 77% used [0x00000000fe880000,0x00000000ffad3d40,0x0000000100000000)
  to   space 25600K, 0% used [0x00000000fce00000,0x00000000fce00000,0x00000000fe700000)
 ParOldGen       total 162816K, used 68165K [0x00000000a0000000, 0x00000000a9f00000, 0x00000000e0000000)
  object space 162816K, 41% used [0x00000000a0000000,0x00000000a4291760,0x00000000a9f00000)
 Metaspace       used 84187K, capacity 90542K, committed 90904K, reserved 1128448K
  class space    used 10976K, capacity 12460K, committed 12568K, reserved 1048576K
Event: 1659.847 GC heap after
Heap after GC invocations=29 (full 4):
 PSYoungGen      total 498688K, used 25591K [0x00000000e0000000, 0x0000000100000000, 0x0000000100000000)
  eden space 473088K, 0% used [0x00000000e0000000,0x00000000e0000000,0x00000000fce00000)
  from space 25600K, 99% used [0x00000000fce00000,0x00000000fe6fdfb0,0x00000000fe700000)
  to   space 25600K, 0% used [0x00000000fe700000,0x00000000fe700000,0x0000000100000000)
 ParOldGen       total 162816K, used 70001K [0x00000000a0000000, 0x00000000a9f00000, 0x00000000e0000000)
  object space 162816K, 42% used [0x00000000a0000000,0x00000000a445c658,0x00000000a9f00000)
 Metaspace       used 84187K, capacity 90542K, committed 90904K, reserved 1128448K
  class space    used 10976K, capacity 12460K, committed 12568K, reserved 1048576K
}

