# JRE version: Java(TM) SE Runtime Environment (8.0_131-b11) (build 1.8.0_131-b11)
# Java VM: Java HotSpot(TM) 64-Bit Server VM (25.131-b11 mixed mode windows-amd64 compressed oops)
Heap:
 PSYoungGen      total 489984K, used 340047K [0x00000000e0000000, 0x00000000ffe00000, 0x0000000100000000)
  eden space 457728K, 73% used [0x00000000e0000000,0x00000000f4837930,0x00000000fbf00000)
  from space 32256K, 12% used [0x00000000fde80000,0x00000000fe25c638,0x00000000ffe00000)
  to   space 32256K, 0% used [0x00000000fbf00000,0x00000000fbf00000,0x00000000fde80000)
 ParOldGen       total 156672K, used 100728K [0x00000000a0000000, 0x00000000a9900000, 0x00000000e0000000)
  object space 156672K, 64% used [0x00000000a0000000,0x00000000a625e0d8,0x00000000a9900000)
 Metaspace       used 84262K, capacity 88412K, committed 88704K, reserved 1126400K
  class space    used 10902K, capacity 11863K, committed 11904K, reserved 1048576K
GC Heap History (10 events):
Event: 526.289 GC heap before
{Heap before GC invocations=20 (full 4):
 PSYoungGen      total 484352K, used 455321K [0x00000000e0000000, 0x0000000100000000, 0x0000000100000000)
  eden space 446976K, 100% used [0x00000000e0000000,0x00000000fb480000,0x00000000fb480000)
  from space 37376K, 22% used [0x00000000fb480000,0x00000000fbca6770,0x00000000fd900000)
  to   space 36352K, 0% used [0x00000000fdc80000,0x00000000fdc80000,0x0000000100000000)
 ParOldGen       total 156672K, used 80110K [0x00000000a0000000, 0x00000000a9900000, 0x00000000e0000000)
  object space 156672K, 51% used [0x00000000a0000000,0x00000000a4e3b8a0,0x00000000a9900000)
 Metaspace       used 82995K, capacity 87024K, committed 87296K, reserved 1124352K
  class space    used 10756K, capacity 11677K, committed 11776K, reserved 1048576K
Event: 526.302 GC heap after
Heap after GC invocations=20 (full 4):
 PSYoungGen      total 481792K, used 13560K [0x00000000e0000000, 0x00000000ffb00000, 0x0000000100000000)
  eden space 450560K, 0% used [0x00000000e0000000,0x00000000e0000000,0x00000000fb800000)
  from space 31232K, 43% used [0x00000000fdc80000,0x00000000fe9be088,0x00000000ffb00000)
  to   space 34304K, 0% used [0x00000000fb800000,0x00000000fb800000,0x00000000fd980000)
 ParOldGen       total 156672K, used 86172K [0x00000000a0000000, 0x00000000a9900000, 0x00000000e0000000)
  object space 156672K, 55% used [0x00000000a0000000,0x00000000a5427098,0x00000000a9900000)
 Metaspace       used 82995K, capacity 87024K, committed 87296K, reserved 1124352K
  class space    used 10756K, capacity 11677K, committed 11776K, reserved 1048576K
}
Event: 526.676 GC heap before
{Heap before GC invocations=21 (full 4):
 PSYoungGen      total 481792K, used 464076K [0x00000000e0000000, 0x00000000ffb00000, 0x0000000100000000)
  eden space 450560K, 99% used [0x00000000e0000000,0x00000000fb7f5258,0x00000000fb800000)
  from space 31232K, 43% used [0x00000000fdc80000,0x00000000fe9be088,0x00000000ffb00000)
  to   space 34304K, 0% used [0x00000000fb800000,0x00000000fb800000,0x00000000fd980000)
 ParOldGen       total 156672K, used 86172K [0x00000000a0000000, 0x00000000a9900000, 0x00000000e0000000)
  object space 156672K, 55% used [0x00000000a0000000,0x00000000a5427098,0x00000000a9900000)
 Metaspace       used 83016K, capacity 87028K, committed 87296K, reserved 1124352K
  class space    used 10757K, capacity 11677K, committed 11776K, reserved 1048576K
Event: 526.705 GC heap after
Heap after GC invocations=21 (full 4):
 PSYoungGen      total 484864K, used 3780K [0x00000000e0000000, 0x0000000100000000, 0x0000000100000000)
  eden space 450560K, 0% used [0x00000000e0000000,0x00000000e0000000,0x00000000fb800000)
  from space 34304K, 11% used [0x00000000fb800000,0x00000000fbbb1370,0x00000000fd980000)
  to   space 34304K, 0% used [0x00000000fde80000,0x00000000fde80000,0x0000000100000000)
 ParOldGen       total 156672K, used 92996K [0x00000000a0000000, 0x00000000a9900000, 0x00000000e0000000)
  object space 156672K, 59% used [0x00000000a0000000,0x00000000a5ad1290,0x00000000a9900000)
 Metaspace       used 83016K, capacity 87028K, committed 87296K, reserved 1124352K
  class space    used 10757K, capacity 11677K, committed 11776K, reserved 1048576K
}
Event: 527.146 GC heap before
{Heap before GC invocations=22 (full 4):
 PSYoungGen      total 484864K, used 453814K [0x00000000e0000000, 0x0000000100000000, 0x0000000100000000)
  eden space 450560K, 99% used [0x00000000e0000000,0x00000000fb77c750,0x00000000fb800000)
  from space 34304K, 11% used [0x00000000fb800000,0x00000000fbbb1370,0x00000000fd980000)
  to   space 34304K, 0% used [0x00000000fde80000,0x00000000fde80000,0x0000000100000000)
 ParOldGen       total 156672K, used 92996K [0x00000000a0000000, 0x00000000a9900000, 0x00000000e0000000)
  object space 156672K, 59% used [0x00000000a0000000,0x00000000a5ad1290,0x00000000a9900000)
 Metaspace       used 83029K, capacity 87092K, committed 87296K, reserved 1124352K
  class space    used 10757K, capacity 11677K, committed 11776K, reserved 1048576K
Event: 527.154 GC heap after
Heap after GC invocations=22 (full 4):
 PSYoungGen      total 488960K, used 4857K [0x00000000e0000000, 0x00000000fff00000, 0x0000000100000000)
  eden space 455680K, 0% used [0x00000000e0000000,0x00000000e0000000,0x00000000fbd00000)
  from space 33280K, 14% used [0x00000000fde80000,0x00000000fe33e760,0x00000000fff00000)
  to   space 33792K, 0% used [0x00000000fbd00000,0x00000000fbd00000,0x00000000fde00000)
 ParOldGen       total 156672K, used 94082K [0x00000000a0000000, 0x00000000a9900000, 0x00000000e0000000)
  object space 156672K, 60% used [0x00000000a0000000,0x00000000a5be0b58,0x00000000a9900000)
 Metaspace       used 83029K, capacity 87092K, committed 87296K, reserved 1124352K
  class space    used 10757K, capacity 11677K, committed 11776K, reserved 1048576K
}
Event: 527.619 GC heap before
{Heap before GC invocations=23 (full 4):
 PSYoungGen      total 488960K, used 460537K [0x00000000e0000000, 0x00000000fff00000, 0x0000000100000000)
  eden space 455680K, 100% used [0x00000000e0000000,0x00000000fbd00000,0x00000000fbd00000)
  from space 33280K, 14% used [0x00000000fde80000,0x00000000fe33e760,0x00000000fff00000)
  to   space 33792K, 0% used [0x00000000fbd00000,0x00000000fbd00000,0x00000000fde00000)
 ParOldGen       total 156672K, used 94082K [0x00000000a0000000, 0x00000000a9900000, 0x00000000e0000000)
  object space 156672K, 60% used [0x00000000a0000000,0x00000000a5be0b58,0x00000000a9900000)
 Metaspace       used 83039K, capacity 87092K, committed 87296K, reserved 1124352K
  class space    used 10757K, capacity 11677K, committed 11776K, reserved 1048576K
Event: 527.630 GC heap after
Heap after GC invocations=23 (full 4):
 PSYoungGen      total 489472K, used 6506K [0x00000000e0000000, 0x00000000ffe80000, 0x0000000100000000)
  eden space 455680K, 0% used [0x00000000e0000000,0x00000000e0000000,0x00000000fbd00000)
  from space 33792K, 19% used [0x00000000fbd00000,0x00000000fc35aaf0,0x00000000fde00000)
  to   space 32768K, 0% used [0x00000000fde80000,0x00000000fde80000,0x00000000ffe80000)
 ParOldGen       total 156672K, used 95578K [0x00000000a0000000, 0x00000000a9900000, 0x00000000e0000000)
  object space 156672K, 61% used [0x00000000a0000000,0x00000000a5d56a58,0x00000000a9900000)
 Metaspace       used 83039K, capacity 87092K, committed 87296K, reserved 1124352K
  class space    used 10757K, capacity 11677K, committed 11776K, reserved 1048576K
}
Event: 528.139 GC heap before
{Heap before GC invocations=24 (full 4):
 PSYoungGen      total 489472K, used 462186K [0x00000000e0000000, 0x00000000ffe80000, 0x0000000100000000)
  eden space 455680K, 100% used [0x00000000e0000000,0x00000000fbd00000,0x00000000fbd00000)
  from space 33792K, 19% used [0x00000000fbd00000,0x00000000fc35aaf0,0x00000000fde00000)
  to   space 32768K, 0% used [0x00000000fde80000,0x00000000fde80000,0x00000000ffe80000)
 ParOldGen       total 156672K, used 95578K [0x00000000a0000000, 0x00000000a9900000, 0x00000000e0000000)
  object space 156672K, 61% used [0x00000000a0000000,0x00000000a5d56a58,0x00000000a9900000)
 Metaspace       used 83234K, capacity 87338K, committed 87552K, reserved 1124352K
  class space    used 10789K, capacity 11726K, committed 11776K, reserved 1048576K
Event: 528.161 GC heap after
Heap after GC invocations=24 (full 4):
 PSYoungGen      total 489984K, used 3953K [0x00000000e0000000, 0x00000000ffe00000, 0x0000000100000000)
  eden space 457728K, 0% used [0x00000000e0000000,0x00000000e0000000,0x00000000fbf00000)
  from space 32256K, 12% used [0x00000000fde80000,0x00000000fe25c638,0x00000000ffe00000)
  to   space 32256K, 0% used [0x00000000fbf00000,0x00000000fbf00000,0x00000000fde80000)
 ParOldGen       total 156672K, used 100728K [0x00000000a0000000, 0x00000000a9900000, 0x00000000e0000000)
  object space 156672K, 64% used [0x00000000a0000000,0x00000000a625e0d8,0x00000000a9900000)
 Metaspace       used 83234K, capacity 87338K, committed 87552K, reserved 1124352K
  class space    used 10789K, capacity 11726K, committed 11776K, reserved 1048576K
}

