# JRE version: Java(TM) SE Runtime Environment (8.0_131-b11) (build 1.8.0_131-b11)
# Java VM: Java HotSpot(TM) 64-Bit Server VM (25.131-b11 mixed mode windows-amd64 compressed oops)
Heap:
 PSYoungGen      total 439808K, used 267504K [0x00000000e0000000, 0x0000000100000000, 0x0000000100000000)
  eden space 410624K, 63% used [0x00000000e0000000,0x00000000efcb7ca8,0x00000000f9100000)
  from space 29184K, 29% used [0x00000000f9100000,0x00000000f9984448,0x00000000fad80000)
  to   space 28160K, 0% used [0x00000000fe480000,0x00000000fe480000,0x0000000100000000)
 ParOldGen       total 159232K, used 60685K [0x00000000a0000000, 0x00000000a9b80000, 0x00000000e0000000)
  object space 159232K, 38% used [0x00000000a0000000,0x00000000a3b43448,0x00000000a9b80000)
 Metaspace       used 74469K, capacity 77976K, committed 78208K, reserved 1118208K
  class space    used 9612K, capacity 10357K, committed 10368K, reserved 1048576K
GC Heap History (10 events):
Event: 76.831 GC heap before
{Heap before GC invocations=20 (full 3):
 PSYoungGen      total 320512K, used 311808K [0x00000000e0000000, 0x00000000f6d80000, 0x0000000100000000)
  eden space 292352K, 100% used [0x00000000e0000000,0x00000000f1d80000,0x00000000f1d80000)
  from space 28160K, 69% used [0x00000000f3a00000,0x00000000f4d003b0,0x00000000f5580000)
  to   space 29184K, 0% used [0x00000000f1d80000,0x00000000f1d80000,0x00000000f3a00000)
 ParOldGen       total 159232K, used 49334K [0x00000000a0000000, 0x00000000a9b80000, 0x00000000e0000000)
  object space 159232K, 30% used [0x00000000a0000000,0x00000000a302d8e0,0x00000000a9b80000)
 Metaspace       used 71168K, capacity 74168K, committed 74368K, reserved 1114112K
  class space    used 9312K, capacity 9985K, committed 10112K, reserved 1048576K
Event: 76.859 GC heap after
Heap after GC invocations=20 (full 3):
 PSYoungGen      total 321536K, used 20381K [0x00000000e0000000, 0x00000000f9d80000, 0x0000000100000000)
  eden space 292352K, 0% used [0x00000000e0000000,0x00000000e0000000,0x00000000f1d80000)
  from space 29184K, 69% used [0x00000000f1d80000,0x00000000f31675e0,0x00000000f3a00000)
  to   space 30208K, 0% used [0x00000000f8000000,0x00000000f8000000,0x00000000f9d80000)
 ParOldGen       total 159232K, used 53759K [0x00000000a0000000, 0x00000000a9b80000, 0x00000000e0000000)
  object space 159232K, 33% used [0x00000000a0000000,0x00000000a347ffb0,0x00000000a9b80000)
 Metaspace       used 71168K, capacity 74168K, committed 74368K, reserved 1114112K
  class space    used 9312K, capacity 9985K, committed 10112K, reserved 1048576K
}
Event: 90.407 GC heap before
{Heap before GC invocations=21 (full 3):
 PSYoungGen      total 321536K, used 312284K [0x00000000e0000000, 0x00000000f9d80000, 0x0000000100000000)
  eden space 292352K, 99% used [0x00000000e0000000,0x00000000f1d0fdf8,0x00000000f1d80000)
  from space 29184K, 69% used [0x00000000f1d80000,0x00000000f31675e0,0x00000000f3a00000)
  to   space 30208K, 0% used [0x00000000f8000000,0x00000000f8000000,0x00000000f9d80000)
 ParOldGen       total 159232K, used 53759K [0x00000000a0000000, 0x00000000a9b80000, 0x00000000e0000000)
  object space 159232K, 33% used [0x00000000a0000000,0x00000000a347ffb0,0x00000000a9b80000)
 Metaspace       used 71814K, capacity 74898K, committed 75136K, reserved 1114112K
  class space    used 9372K, capacity 10028K, committed 10112K, reserved 1048576K
Event: 90.416 GC heap after
Heap after GC invocations=21 (full 3):
 PSYoungGen      total 376832K, used 5657K [0x00000000e0000000, 0x00000000f9580000, 0x0000000100000000)
  eden space 354816K, 0% used [0x00000000e0000000,0x00000000e0000000,0x00000000f5a80000)
  from space 22016K, 25% used [0x00000000f8000000,0x00000000f85865c0,0x00000000f9580000)
  to   space 30208K, 0% used [0x00000000f5a80000,0x00000000f5a80000,0x00000000f7800000)
 ParOldGen       total 159232K, used 59427K [0x00000000a0000000, 0x00000000a9b80000, 0x00000000e0000000)
  object space 159232K, 37% used [0x00000000a0000000,0x00000000a3a08fe0,0x00000000a9b80000)
 Metaspace       used 71814K, capacity 74898K, committed 75136K, reserved 1114112K
  class space    used 9372K, capacity 10028K, committed 10112K, reserved 1048576K
}
Event: 290.442 GC heap before
{Heap before GC invocations=22 (full 3):
 PSYoungGen      total 376832K, used 360473K [0x00000000e0000000, 0x00000000f9580000, 0x0000000100000000)
  eden space 354816K, 100% used [0x00000000e0000000,0x00000000f5a80000,0x00000000f5a80000)
  from space 22016K, 25% used [0x00000000f8000000,0x00000000f85865c0,0x00000000f9580000)
  to   space 30208K, 0% used [0x00000000f5a80000,0x00000000f5a80000,0x00000000f7800000)
 ParOldGen       total 159232K, used 59427K [0x00000000a0000000, 0x00000000a9b80000, 0x00000000e0000000)
  object space 159232K, 37% used [0x00000000a0000000,0x00000000a3a08fe0,0x00000000a9b80000)
 Metaspace       used 73025K, capacity 76200K, committed 76416K, reserved 1116160K
  class space    used 9550K, capacity 10241K, committed 10368K, reserved 1048576K
Event: 290.448 GC heap after
Heap after GC invocations=22 (full 3):
 PSYoungGen      total 385024K, used 3550K [0x00000000e0000000, 0x00000000fd580000, 0x0000000100000000)
  eden space 354816K, 0% used [0x00000000e0000000,0x00000000e0000000,0x00000000f5a80000)
  from space 30208K, 11% used [0x00000000f5a80000,0x00000000f5df79a0,0x00000000f7800000)
  to   space 30208K, 0% used [0x00000000fb800000,0x00000000fb800000,0x00000000fd580000)
 ParOldGen       total 159232K, used 60669K [0x00000000a0000000, 0x00000000a9b80000, 0x00000000e0000000)
  object space 159232K, 38% used [0x00000000a0000000,0x00000000a3b3f448,0x00000000a9b80000)
 Metaspace       used 73025K, capacity 76200K, committed 76416K, reserved 1116160K
  class space    used 9550K, capacity 10241K, committed 10368K, reserved 1048576K
}
Event: 352.865 GC heap before
{Heap before GC invocations=23 (full 3):
 PSYoungGen      total 385024K, used 358324K [0x00000000e0000000, 0x00000000fd580000, 0x0000000100000000)
  eden space 354816K, 99% used [0x00000000e0000000,0x00000000f5a75808,0x00000000f5a80000)
  from space 30208K, 11% used [0x00000000f5a80000,0x00000000f5df79a0,0x00000000f7800000)
  to   space 30208K, 0% used [0x00000000fb800000,0x00000000fb800000,0x00000000fd580000)
 ParOldGen       total 159232K, used 60669K [0x00000000a0000000, 0x00000000a9b80000, 0x00000000e0000000)
  object space 159232K, 38% used [0x00000000a0000000,0x00000000a3b3f448,0x00000000a9b80000)
 Metaspace       used 74294K, capacity 77808K, committed 77952K, reserved 1116160K
  class space    used 9608K, capacity 10353K, committed 10368K, reserved 1048576K
Event: 352.874 GC heap after
Heap after GC invocations=23 (full 3):
 PSYoungGen      total 429056K, used 8231K [0x00000000e0000000, 0x00000000fca00000, 0x0000000100000000)
  eden space 410624K, 0% used [0x00000000e0000000,0x00000000e0000000,0x00000000f9100000)
  from space 18432K, 44% used [0x00000000fb800000,0x00000000fc009ed0,0x00000000fca00000)
  to   space 29184K, 0% used [0x00000000f9100000,0x00000000f9100000,0x00000000fad80000)
 ParOldGen       total 159232K, used 60677K [0x00000000a0000000, 0x00000000a9b80000, 0x00000000e0000000)
  object space 159232K, 38% used [0x00000000a0000000,0x00000000a3b41448,0x00000000a9b80000)
 Metaspace       used 74294K, capacity 77808K, committed 77952K, reserved 1116160K
  class space    used 9608K, capacity 10353K, committed 10368K, reserved 1048576K
}
Event: 356.198 GC heap before
{Heap before GC invocations=24 (full 3):
 PSYoungGen      total 429056K, used 418850K [0x00000000e0000000, 0x00000000fca00000, 0x0000000100000000)
  eden space 410624K, 99% used [0x00000000e0000000,0x00000000f90fe960,0x00000000f9100000)
  from space 18432K, 44% used [0x00000000fb800000,0x00000000fc009ed0,0x00000000fca00000)
  to   space 29184K, 0% used [0x00000000f9100000,0x00000000f9100000,0x00000000fad80000)
 ParOldGen       total 159232K, used 60677K [0x00000000a0000000, 0x00000000a9b80000, 0x00000000e0000000)
  object space 159232K, 38% used [0x00000000a0000000,0x00000000a3b41448,0x00000000a9b80000)
 Metaspace       used 74375K, capacity 77890K, committed 77952K, reserved 1116160K
  class space    used 9610K, capacity 10356K, committed 10368K, reserved 1048576K
Event: 356.213 GC heap after
Heap after GC invocations=24 (full 3):
 PSYoungGen      total 439808K, used 8721K [0x00000000e0000000, 0x0000000100000000, 0x0000000100000000)
  eden space 410624K, 0% used [0x00000000e0000000,0x00000000e0000000,0x00000000f9100000)
  from space 29184K, 29% used [0x00000000f9100000,0x00000000f9984448,0x00000000fad80000)
  to   space 28160K, 0% used [0x00000000fe480000,0x00000000fe480000,0x0000000100000000)
 ParOldGen       total 159232K, used 60685K [0x00000000a0000000, 0x00000000a9b80000, 0x00000000e0000000)
  object space 159232K, 38% used [0x00000000a0000000,0x00000000a3b43448,0x00000000a9b80000)
 Metaspace       used 74375K, capacity 77890K, committed 77952K, reserved 1116160K
  class space    used 9610K, capacity 10356K, committed 10368K, reserved 1048576K
}

